0 verbose cli /usr/bin/node /usr/bin/npm
1 info using npm@10.9.7
2 info using node@v22.22.2
3 silly config load:file:/usr/lib/node_modules/npm/npmrc
4 silly config load:file:/home/loveback1987/.hermes/hermes-agent/.npmrc
5 silly config load:file:/home/loveback1987/.npmrc
6 silly config load:file:/usr/etc/npmrc
7 verbose title npm install
8 verbose argv "install" "--loglevel" "silent"
9 verbose logfile logs-max:10 dir:/home/loveback1987/.npm/_logs/2026-05-23T06_57_01_426Z-
10 verbose logfile /home/loveback1987/.npm/_logs/2026-05-23T06_57_01_426Z-debug-0.log
11 silly logfile done cleaning log files
12 silly packumentCache heap:4345298944 maxSize:1086324736 maxEntrySize:543162368
13 silly idealTree buildDeps
14 silly reify moves {}
15 silly audit bulk request { 'agent-browser': [ '0.26.0' ] }
16 http cache agent-browser@https://registry.npmjs.org/agent-browser/-/agent-browser-0.26.0.tgz 0ms (cache hit)
17 silly tarball no local data for agent-browser@https://registry.npmjs.org/agent-browser/-/agent-browser-0.26.0.tgz. Extracting by manifest.
18 http fetch POST 200 https://registry.npmjs.org/-/npm/v1/security/advisories/bulk 2384ms
19 silly audit report {}
20 http fetch GET 200 https://registry.npmjs.org/npm 8829ms
21 http fetch GET 200 https://registry.npmjs.org/agent-browser/-/agent-browser-0.26.0.tgz 12649ms (cache miss)
22 info run agent-browser@0.26.0 postinstall node_modules/agent-browser node scripts/postinstall.js
23 info run agent-browser@0.26.0 postinstall { code: 0, signal: null }
24 verbose cwd /home/loveback1987/.hermes/hermes-agent
25 verbose os Linux 6.6.87.2-microsoft-standard-WSL2
26 verbose node v22.22.2
27 verbose npm  v10.9.7
28 notice
28 notice New major version of npm available! 10.9.7 -> 11.15.0
28 notice Changelog: https://github.com/npm/cli/releases/tag/v11.15.0
28 notice To update run: npm install -g npm@11.15.0
28 notice  { force: true, [Symbol(proc-log.meta)]: true }
29 verbose exit 0
30 info ok
